mode: atomic
github.com/byxor/NeverScript/shared/checksums/checksums.go:11.35,12.16 1 0
github.com/byxor/NeverScript/shared/checksums/checksums.go:12.16,14.3 1 0
github.com/byxor/NeverScript/shared/checksums/checksums.go:14.8,17.35 2 0
github.com/byxor/NeverScript/shared/checksums/checksums.go:32.3,32.12 1 0
github.com/byxor/NeverScript/shared/checksums/checksums.go:17.35,20.30 1 0
github.com/byxor/NeverScript/shared/checksums/checksums.go:25.4,25.17 1 0
github.com/byxor/NeverScript/shared/checksums/checksums.go:29.4,29.66 1 0
github.com/byxor/NeverScript/shared/checksums/checksums.go:20.30,22.5 1 0
github.com/byxor/NeverScript/shared/checksums/checksums.go:25.17,27.5 1 0
github.com/byxor/NeverScript/shared/checksums/checksums.go:103.43,106.2 2 13
github.com/byxor/NeverScript/compiler/compiler.go:19.43,22.16 2 20
github.com/byxor/NeverScript/compiler/compiler.go:26.2,29.35 3 20
github.com/byxor/NeverScript/compiler/compiler.go:36.2,38.54 2 20
github.com/byxor/NeverScript/compiler/compiler.go:81.2,83.42 2 20
github.com/byxor/NeverScript/compiler/compiler.go:22.16,24.3 1 0
github.com/byxor/NeverScript/compiler/compiler.go:29.35,30.27 1 138
github.com/byxor/NeverScript/compiler/compiler.go:33.3,33.34 1 138
github.com/byxor/NeverScript/compiler/compiler.go:30.27,32.4 1 230
github.com/byxor/NeverScript/compiler/compiler.go:38.54,41.34 2 40
github.com/byxor/NeverScript/compiler/compiler.go:46.3,46.43 1 15
github.com/byxor/NeverScript/compiler/compiler.go:60.3,60.43 1 13
github.com/byxor/NeverScript/compiler/compiler.go:41.34,43.12 2 25
github.com/byxor/NeverScript/compiler/compiler.go:46.43,57.12 7 2
github.com/byxor/NeverScript/compiler/compiler.go:60.43,66.18 4 13
github.com/byxor/NeverScript/compiler/compiler.go:70.4,77.12 7 13
github.com/byxor/NeverScript/compiler/compiler.go:66.18,68.5 1 0
github.com/byxor/NeverScript/compiler/compiler.go:86.72,96.16 4 20
github.com/byxor/NeverScript/compiler/compiler.go:100.2,100.24 1 20
github.com/byxor/NeverScript/compiler/compiler.go:96.16,98.3 1 0
github.com/byxor/NeverScript/compiler/compiler.go:103.49,104.20 1 2
github.com/byxor/NeverScript/compiler/compiler.go:104.20,106.3 1 1
github.com/byxor/NeverScript/compiler/compiler.go:106.8,108.3 1 1
github.com/byxor/NeverScript/compiler/compiler.go:111.71,112.79 1 13
github.com/byxor/NeverScript/compiler/compiler.go:143.2,143.17 1 13
github.com/byxor/NeverScript/compiler/compiler.go:147.2,148.16 2 13
github.com/byxor/NeverScript/compiler/compiler.go:152.2,152.27 1 13
github.com/byxor/NeverScript/compiler/compiler.go:112.79,115.24 2 13
github.com/byxor/NeverScript/compiler/compiler.go:121.3,121.24 1 10
github.com/byxor/NeverScript/compiler/compiler.go:127.3,127.23 1 6
github.com/byxor/NeverScript/compiler/compiler.go:133.3,133.23 1 3
github.com/byxor/NeverScript/compiler/compiler.go:139.3,140.9 2 0
github.com/byxor/NeverScript/compiler/compiler.go:115.24,119.4 3 3
github.com/byxor/NeverScript/compiler/compiler.go:121.24,125.4 3 4
github.com/byxor/NeverScript/compiler/compiler.go:127.23,131.4 3 3
github.com/byxor/NeverScript/compiler/compiler.go:133.23,137.4 3 3
github.com/byxor/NeverScript/compiler/compiler.go:143.17,145.3 1 0
github.com/byxor/NeverScript/compiler/compiler.go:148.16,150.3 1 0
github.com/byxor/NeverScript/decompiler/nametable/nametable.go:8.42,10.31 2 43
github.com/byxor/NeverScript/decompiler/nametable/nametable.go:15.2,15.27 1 43
github.com/byxor/NeverScript/decompiler/nametable/nametable.go:10.31,11.35 1 129
github.com/byxor/NeverScript/decompiler/nametable/nametable.go:11.35,13.4 1 12
github.com/byxor/NeverScript/decompiler/nametable/nametable.go:18.53,22.2 3 12
github.com/byxor/NeverScript/decompiler/nametable/nametable.go:24.49,25.42 1 30
github.com/byxor/NeverScript/decompiler/nametable/nametable.go:25.42,27.3 1 12
github.com/byxor/NeverScript/decompiler/nametable/nametable.go:27.8,29.3 1 18
github.com/byxor/NeverScript/decompiler/tokens/algorithm.go:8.56,9.21 1 242
github.com/byxor/NeverScript/decompiler/tokens/algorithm.go:9.21,11.3 1 79
github.com/byxor/NeverScript/decompiler/tokens/algorithm.go:11.8,13.13 2 163
github.com/byxor/NeverScript/decompiler/tokens/algorithm.go:13.13,17.4 3 88
github.com/byxor/NeverScript/decompiler/tokens/algorithm.go:17.9,20.4 2 75
github.com/byxor/NeverScript/decompiler/tokens/algorithm.go:24.62,25.68 1 489
github.com/byxor/NeverScript/decompiler/tokens/algorithm.go:33.2,33.37 1 189
github.com/byxor/NeverScript/decompiler/tokens/algorithm.go:25.68,29.13 3 3575
github.com/byxor/NeverScript/decompiler/tokens/algorithm.go:29.13,31.4 1 300
github.com/byxor/NeverScript/decompiler/tokens/algorithm.go:36.83,39.21 2 3575
github.com/byxor/NeverScript/decompiler/tokens/algorithm.go:45.2,45.33 1 3575
github.com/byxor/NeverScript/decompiler/tokens/algorithm.go:51.2,51.23 1 3275
github.com/byxor/NeverScript/decompiler/tokens/algorithm.go:39.21,41.3 1 483
github.com/byxor/NeverScript/decompiler/tokens/algorithm.go:41.8,43.3 1 3092
github.com/byxor/NeverScript/decompiler/tokens/algorithm.go:45.33,46.24 1 57438
github.com/byxor/NeverScript/decompiler/tokens/algorithm.go:46.24,48.4 1 300
github.com/byxor/NeverScript/decompiler/tokens/algorithm.go:54.34,56.2 1 4499
github.com/byxor/NeverScript/decompiler/tokens/algorithm.go:58.40,61.2 2 20
github.com/byxor/NeverScript/decompiler/tokens/constructors.go:11.13,71.2 2 1
github.com/byxor/NeverScript/decompiler/tokens/constructors.go:73.46,77.2 3 2915
github.com/byxor/NeverScript/decompiler/tokens/constructors.go:79.39,81.2 1 2909
github.com/byxor/NeverScript/decompiler/tokens/constructors.go:83.34,85.2 1 2912
github.com/byxor/NeverScript/decompiler/tokens/constructors.go:87.44,90.27 3 5821
github.com/byxor/NeverScript/decompiler/tokens/constructors.go:93.2,94.44 2 3869
github.com/byxor/NeverScript/decompiler/tokens/constructors.go:90.27,92.3 1 1952
github.com/byxor/NeverScript/decompiler/tokens/constructors.go:97.72,98.33 1 50
github.com/byxor/NeverScript/decompiler/tokens/constructors.go:98.33,100.3 1 29713
github.com/byxor/NeverScript/decompiler/tokens/constructors.go:103.46,104.33 1 32695
github.com/byxor/NeverScript/decompiler/tokens/constructors.go:104.33,106.3 1 48778
github.com/byxor/NeverScript/decompiler/tokens/random_block_execution.go:3.46,8.24 3 2906
github.com/byxor/NeverScript/decompiler/tokens/random_block_execution.go:12.2,14.21 2 299
github.com/byxor/NeverScript/decompiler/tokens/random_block_execution.go:18.2,30.41 9 284
github.com/byxor/NeverScript/decompiler/tokens/random_block_execution.go:34.2,37.8 3 154
github.com/byxor/NeverScript/decompiler/tokens/random_block_execution.go:8.24,10.3 1 2607
github.com/byxor/NeverScript/decompiler/tokens/random_block_execution.go:14.21,16.3 1 15
github.com/byxor/NeverScript/decompiler/tokens/random_block_execution.go:30.41,32.3 1 130
github.com/byxor/NeverScript/decompiler/tokens/random_block_execution.go:37.8,39.3 1 40
github.com/byxor/NeverScript/decompiler/tokens/random_block_execution.go:39.8,41.3 1 114
github.com/byxor/NeverScript/decompiler/tokens/random_block_execution.go:44.85,48.6 4 154
github.com/byxor/NeverScript/decompiler/tokens/random_block_execution.go:62.2,63.29 2 40
github.com/byxor/NeverScript/decompiler/tokens/random_block_execution.go:48.6,52.13 4 326
github.com/byxor/NeverScript/decompiler/tokens/random_block_execution.go:52.13,53.30 1 212
github.com/byxor/NeverScript/decompiler/tokens/random_block_execution.go:53.30,55.10 2 40
github.com/byxor/NeverScript/decompiler/tokens/random_block_execution.go:57.9,59.4 1 114
github.com/byxor/NeverScript/decompiler/tokens/tokentype_string.go:11.36,12.54 1 318
github.com/byxor/NeverScript/decompiler/tokens/tokentype_string.go:15.2,15.67 1 318
github.com/byxor/NeverScript/decompiler/tokens/tokentype_string.go:12.54,14.3 1 0
github.com/byxor/NeverScript/decompiler/code/cleanup.go:7.36,13.31 4 41
github.com/byxor/NeverScript/decompiler/code/cleanup.go:21.2,21.38 1 41
github.com/byxor/NeverScript/decompiler/code/cleanup.go:13.31,14.64 1 128
github.com/byxor/NeverScript/decompiler/code/cleanup.go:18.3,18.20 1 128
github.com/byxor/NeverScript/decompiler/code/cleanup.go:14.64,17.4 2 125
github.com/byxor/NeverScript/decompiler/code/evaluators.go:35.59,38.2 2 2
github.com/byxor/NeverScript/decompiler/code/evaluators.go:40.57,43.2 2 2
github.com/byxor/NeverScript/decompiler/code/evaluators.go:45.56,48.2 2 4
github.com/byxor/NeverScript/decompiler/code/evaluators.go:50.54,53.2 2 15
github.com/byxor/NeverScript/decompiler/code/evaluators.go:55.52,58.2 2 15
github.com/byxor/NeverScript/decompiler/code/evaluators.go:60.49,62.2 1 22
github.com/byxor/NeverScript/decompiler/code/evaluators.go:64.47,66.2 1 5
github.com/byxor/NeverScript/decompiler/code/evaluators.go:68.46,76.2 3 3
github.com/byxor/NeverScript/decompiler/code/evaluators.go:78.48,88.2 4 3
github.com/byxor/NeverScript/decompiler/code/evaluators.go:90.46,93.2 2 22
github.com/byxor/NeverScript/decompiler/code/evaluators.go:95.48,98.2 2 2
github.com/byxor/NeverScript/decompiler/code/evaluators.go:100.38,101.35 1 46
github.com/byxor/NeverScript/decompiler/code/evaluators.go:101.35,103.3 1 68
github.com/byxor/NeverScript/decompiler/code/evaluators.go:106.36,108.2 1 20
github.com/byxor/NeverScript/decompiler/code/evaluators.go:110.55,112.45 2 20
github.com/byxor/NeverScript/decompiler/code/evaluators.go:122.2,122.28 1 20
github.com/byxor/NeverScript/decompiler/code/evaluators.go:112.45,113.30 1 121
github.com/byxor/NeverScript/decompiler/code/evaluators.go:117.3,117.28 1 105
github.com/byxor/NeverScript/decompiler/code/evaluators.go:113.30,115.9 2 16
github.com/byxor/NeverScript/decompiler/code/evaluators.go:117.28,119.9 2 4
github.com/byxor/NeverScript/decompiler/code/generation.go:10.43,21.2 3 41
github.com/byxor/NeverScript/decompiler/code/generation.go:23.47,24.28 1 166
github.com/byxor/NeverScript/decompiler/code/generation.go:28.2,28.38 1 165
github.com/byxor/NeverScript/decompiler/code/generation.go:32.2,37.8 4 125
github.com/byxor/NeverScript/decompiler/code/generation.go:43.2,45.39 3 125
github.com/byxor/NeverScript/decompiler/code/generation.go:24.28,26.3 1 1
github.com/byxor/NeverScript/decompiler/code/generation.go:28.38,30.3 1 40
github.com/byxor/NeverScript/decompiler/code/generation.go:37.8,39.3 1 125
github.com/byxor/NeverScript/decompiler/code/generation.go:39.8,41.3 1 0
github.com/byxor/NeverScript/decompiler/code/generation.go:48.70,50.26 2 125
github.com/byxor/NeverScript/decompiler/code/generation.go:66.2,66.15 1 125
github.com/byxor/NeverScript/decompiler/code/generation.go:50.26,54.30 3 40
github.com/byxor/NeverScript/decompiler/code/generation.go:54.30,58.41 3 37
github.com/byxor/NeverScript/decompiler/code/generation.go:58.41,59.34 1 12
github.com/byxor/NeverScript/decompiler/code/generation.go:59.34,62.6 2 7
github.com/byxor/NeverScript/shared/checksums/checksums.go:11.35,12.16 1 4
github.com/byxor/NeverScript/shared/checksums/checksums.go:12.16,14.3 1 1
github.com/byxor/NeverScript/shared/checksums/checksums.go:14.8,17.35 2 3
github.com/byxor/NeverScript/shared/checksums/checksums.go:32.3,32.12 1 3
github.com/byxor/NeverScript/shared/checksums/checksums.go:17.35,20.30 1 46
github.com/byxor/NeverScript/shared/checksums/checksums.go:25.4,25.17 1 46
github.com/byxor/NeverScript/shared/checksums/checksums.go:29.4,29.66 1 46
github.com/byxor/NeverScript/shared/checksums/checksums.go:20.30,22.5 1 10
github.com/byxor/NeverScript/shared/checksums/checksums.go:25.17,27.5 1 0
github.com/byxor/NeverScript/shared/checksums/checksums.go:103.43,106.2 2 2
github.com/byxor/NeverScript/shared/filenames/filenames.go:3.37,5.2 1 3
github.com/byxor/NeverScript/shared/filenames/filenames.go:7.37,9.2 1 3
github.com/byxor/NeverScript/shared/filenames/filenames.go:11.47,13.2 1 6
